  memory.c
e:\c++sourcefile\db_engine\db_engine\stddef.h(12): warning C4005: “NULL”: 宏重定义
  e:\visual studio 2015\vc\include\vcruntime.h(226): note: 参见“NULL”的前一个定义
e:\c++sourcefile\db_engine\db_engine\storage\memory.c(58): warning C4018: “<”: 有符号/无符号不匹配
  disk.c
e:\c++sourcefile\db_engine\db_engine\storage\disk.c(1): fatal error C1083: 无法打开包括文件: “unistd.h”: No such file or directory
  table.c
e:\c++sourcefile\db_engine\db_engine\stddef.h(12): warning C4005: “NULL”: 宏重定义
  e:\visual studio 2015\vc\include\vcruntime.h(226): note: 参见“NULL”的前一个定义
e:\c++sourcefile\db_engine\db_engine\shcema\table.c(9): warning C4996: 'strcpy': This function or variable may be unsafe. Consider using strcpy_s instead. To disable deprecation, use _CRT_SECURE_NO_WARNINGS. See online help for details.
  c:\program files (x86)\windows kits\10\include\10.0.10240.0\ucrt\string.h(119): note: 参见“strcpy”的声明
  schema.c
e:\c++sourcefile\db_engine\db_engine\stddef.h(12): warning C4005: “NULL”: 宏重定义
  e:\visual studio 2015\vc\include\vcruntime.h(226): note: 参见“NULL”的前一个定义
e:\c++sourcefile\db_engine\db_engine\shcema\schema.c(14): warning C4996: 'strcpy': This function or variable may be unsafe. Consider using strcpy_s instead. To disable deprecation, use _CRT_SECURE_NO_WARNINGS. See online help for details.
  c:\program files (x86)\windows kits\10\include\10.0.10240.0\ucrt\string.h(119): note: 参见“strcpy”的声明
  record.c
e:\c++sourcefile\db_engine\db_engine\stddef.h(12): warning C4005: “NULL”: 宏重定义
  e:\visual studio 2015\vc\include\vcruntime.h(226): note: 参见“NULL”的前一个定义
  database.c
e:\c++sourcefile\db_engine\db_engine\stddef.h(12): warning C4005: “NULL”: 宏重定义
  e:\visual studio 2015\vc\include\vcruntime.h(226): note: 参见“NULL”的前一个定义
e:\c++sourcefile\db_engine\db_engine\shcema\database.c(7): warning C4996: 'fopen': This function or variable may be unsafe. Consider using fopen_s instead. To disable deprecation, use _CRT_SECURE_NO_WARNINGS. See online help for details.
  c:\program files (x86)\windows kits\10\include\10.0.10240.0\ucrt\stdio.h(205): note: 参见“fopen”的声明
e:\c++sourcefile\db_engine\db_engine\shcema\database.c(22): warning C4996: 'fopen': This function or variable may be unsafe. Consider using fopen_s instead. To disable deprecation, use _CRT_SECURE_NO_WARNINGS. See online help for details.
  c:\program files (x86)\windows kits\10\include\10.0.10240.0\ucrt\stdio.h(205): note: 参见“fopen”的声明
  main.c
e:\c++sourcefile\db_engine\db_engine\stddef.h(12): warning C4005: “NULL”: 宏重定义
  e:\visual studio 2015\vc\include\vcruntime.h(226): note: 参见“NULL”的前一个定义
  b_plus_tree.c
e:\c++sourcefile\db_engine\db_engine\stddef.h(12): warning C4005: “NULL”: 宏重定义
  e:\visual studio 2015\vc\include\vcruntime.h(226): note: 参见“NULL”的前一个定义
e:\c++sourcefile\db_engine\db_engine\bptree\b_plus_tree.c(11): warning C4018: “<”: 有符号/无符号不匹配
  正在生成代码...
